<?xml version="1.0" encoding="UTF-8" ?>
<testsuite failures="0" time="0.006" errors="0" skipped="0" tests="7" name="nl.knaw.dans.common.dbflib.TestLogicalFormatValidator">
  <properties>
[...]
</properties>
  <testcase time="0" classname="nl.knaw.dans.common.dbflib.TestLogicalFormatValidator" name="shouldAcceptBoolean"/>
  <testcase time="0" classname="nl.knaw.dans.common.dbflib.TestLogicalFormatValidator" name="shouldRejectByteArray"/>
  <testcase time="0" classname="nl.knaw.dans.common.dbflib.TestLogicalFormatValidator" name="shouldRejectNumber"/>
  <testcase time="0" classname="nl.knaw.dans.common.dbflib.TestLogicalFormatValidator" name="shouldRejectStringWithA"/>
  <testcase time="0" classname="nl.knaw.dans.common.dbflib.TestLogicalFormatValidator" name="shouldRejectTooLargeValue"/>
  <testcase time="0" classname="nl.knaw.dans.common.dbflib.TestLogicalFormatValidator" name="shouldRejectDate"/>
  <testcase time="0" classname="nl.knaw.dans.common.dbflib.TestLogicalFormatValidator" name="shouldAcceptStringWithYNTF_or_Space"/>
</testsuite>